<?xml version="1.0" encoding="UTF-8" standalone="yes"?>
<ns2:test-suite start="1516195838496" stop="1516199172731" version="1.4.16" xmlns:ns2="urn:model.allure.qatools.yandex.ru">
    <name>Default suite : Default test</name>
    <title>Default suite : Default test</title>
    <test-cases>
        <test-case start="1516196311435" stop="1516196398277" status="broken">
            <name>Validating_feed1</name>
            <title>Validating feed_1 Ad call</title>
            <failure>
                <message>NoSuchElementException: An element could not be located on the page using the given search parameters. (WARNING: The server did not provide any stacktrace information)
Command duration or timeout: 60.18 seconds
For documentation on this error, please visit: http://seleniumhq.org/exceptions/no_such_element.html
Build info: version: '2.51.0', revision: '1af067dbcaedd7d2ab9af5151fc471d363d97193', time: '2016-02-05 11:20:57'
System info: host: 'ravis-MacBook-Pro.local', ip: '169.254.155.178', os.name: 'Mac OS X', os.arch: 'x86_64', os.version: '10.12', java.version: '1.8.0_60'
Driver info: io.appium.java_client.android.AndroidDriver
Capabilities [{app=/Users/monocept/Desktop/android-arms-master/APKFile/TWC_808000972_googleDebug.apk, appPackage=com.weather.Weather, networkConnectionEnabled=true, warnings={}, databaseEnabled=false, deviceName=ce051605b999df4004, fullReset=true, platform=LINUX, desired={app=/Users/monocept/Desktop/android-arms-master/APKFile/TWC_808000972_googleDebug.apk, appPackage=com.weather.Weather, appium-version=1.4.13, newCommandTimeout=100000, autoLaunch=true, platformVersion=6.0.1, platformName=Android, deviceName=Samsung S6, fullReset=true}, appium-version=1.4.13, newCommandTimeout=100000, autoLaunch=true, platformVersion=7.0, webStorageEnabled=false, locationContextEnabled=false, browserName=Android, takesScreenshot=true, javascriptEnabled=true, platformName=Android}]
Session ID: d2dfec25-d70e-4991-8b2a-0db50e02896a
*** Element info: {Using=id, value=com.weather.Weather:id/search}</message>
                <stack-trace>org.openqa.selenium.NoSuchElementException: An element could not be located on the page using the given search parameters. (WARNING: The server did not provide any stacktrace information)
Command duration or timeout: 60.18 seconds
For documentation on this error, please visit: http://seleniumhq.org/exceptions/no_such_element.html
Build info: version: '2.51.0', revision: '1af067dbcaedd7d2ab9af5151fc471d363d97193', time: '2016-02-05 11:20:57'
System info: host: 'ravis-MacBook-Pro.local', ip: '169.254.155.178', os.name: 'Mac OS X', os.arch: 'x86_64', os.version: '10.12', java.version: '1.8.0_60'
Driver info: io.appium.java_client.android.AndroidDriver
Capabilities [{app=/Users/monocept/Desktop/android-arms-master/APKFile/TWC_808000972_googleDebug.apk, appPackage=com.weather.Weather, networkConnectionEnabled=true, warnings={}, databaseEnabled=false, deviceName=ce051605b999df4004, fullReset=true, platform=LINUX, desired={app=/Users/monocept/Desktop/android-arms-master/APKFile/TWC_808000972_googleDebug.apk, appPackage=com.weather.Weather, appium-version=1.4.13, newCommandTimeout=100000, autoLaunch=true, platformVersion=6.0.1, platformName=Android, deviceName=Samsung S6, fullReset=true}, appium-version=1.4.13, newCommandTimeout=100000, autoLaunch=true, platformVersion=7.0, webStorageEnabled=false, locationContextEnabled=false, browserName=Android, takesScreenshot=true, javascriptEnabled=true, platformName=Android}]
Session ID: d2dfec25-d70e-4991-8b2a-0db50e02896a
*** Element info: {Using=id, value=com.weather.Weather:id/search}
	at sun.reflect.NativeConstructorAccessorImpl.newInstance0(Native Method)
	at sun.reflect.NativeConstructorAccessorImpl.newInstance(NativeConstructorAccessorImpl.java:62)
	at sun.reflect.DelegatingConstructorAccessorImpl.newInstance(DelegatingConstructorAccessorImpl.java:45)
	at java.lang.reflect.Constructor.newInstance(Constructor.java:422)
	at org.openqa.selenium.remote.ErrorHandler.createThrowable(ErrorHandler.java:206)
	at org.openqa.selenium.remote.ErrorHandler.throwIfResponseFailed(ErrorHandler.java:158)
	at org.openqa.selenium.remote.RemoteWebDriver.execute(RemoteWebDriver.java:678)
	at io.appium.java_client.DefaultGenericMobileDriver.execute(DefaultGenericMobileDriver.java:42)
	at io.appium.java_client.AppiumDriver.execute(AppiumDriver.java:1)
	at io.appium.java_client.android.AndroidDriver.execute(AndroidDriver.java:1)
	at org.openqa.selenium.remote.RemoteWebDriver.findElement(RemoteWebDriver.java:363)
	at org.openqa.selenium.remote.RemoteWebDriver.findElementById(RemoteWebDriver.java:413)
	at io.appium.java_client.DefaultGenericMobileDriver.findElementById(DefaultGenericMobileDriver.java:62)
	at io.appium.java_client.AppiumDriver.findElementById(AppiumDriver.java:1)
	at io.appium.java_client.android.AndroidDriver.findElementById(AndroidDriver.java:1)
	at org.openqa.selenium.By$ById.findElement(By.java:218)
	at org.openqa.selenium.remote.RemoteWebDriver.findElement(RemoteWebDriver.java:355)
	at io.appium.java_client.DefaultGenericMobileDriver.findElement(DefaultGenericMobileDriver.java:52)
	at io.appium.java_client.AppiumDriver.findElement(AppiumDriver.java:1)
	at io.appium.java_client.android.AndroidDriver.findElement(AndroidDriver.java:1)
	at twc.Automation.HandleWithAppium.AppiumFunctions.selectlocation(AppiumFunctions.java:639)
	at ANDROID_ARMS.ANDROID_ARMS.FeedAdVAlidationonUI.Validating_feed1(FeedAdVAlidationonUI.java:38)
	at sun.reflect.NativeMethodAccessorImpl.invoke0(Native Method)
	at sun.reflect.NativeMethodAccessorImpl.invoke(NativeMethodAccessorImpl.java:62)
	at sun.reflect.DelegatingMethodAccessorImpl.invoke(DelegatingMethodAccessorImpl.java:43)
	at java.lang.reflect.Method.invoke(Method.java:497)
	at org.testng.internal.MethodInvocationHelper.invokeMethod(MethodInvocationHelper.java:108)
	at org.testng.internal.Invoker.invokeMethod(Invoker.java:661)
	at org.testng.internal.Invoker.invokeTestMethod(Invoker.java:869)
	at org.testng.internal.Invoker.invokeTestMethods(Invoker.java:1193)
	at org.testng.internal.TestMethodWorker.invokeTestMethods(TestMethodWorker.java:126)
	at org.testng.internal.TestMethodWorker.run(TestMethodWorker.java:109)
	at org.testng.TestRunner.privateRun(TestRunner.java:744)
	at org.testng.TestRunner.run(TestRunner.java:602)
	at org.testng.SuiteRunner.runTest(SuiteRunner.java:380)
	at org.testng.SuiteRunner.runSequentially(SuiteRunner.java:375)
	at org.testng.SuiteRunner.privateRun(SuiteRunner.java:340)
	at org.testng.SuiteRunner.run(SuiteRunner.java:289)
	at org.testng.SuiteRunnerWorker.runSuite(SuiteRunnerWorker.java:52)
	at org.testng.SuiteRunnerWorker.run(SuiteRunnerWorker.java:86)
	at org.testng.TestNG.runSuitesSequentially(TestNG.java:1301)
	at org.testng.TestNG.runSuitesLocally(TestNG.java:1226)
	at org.testng.TestNG.runSuites(TestNG.java:1144)
	at org.testng.TestNG.run(TestNG.java:1115)
	at org.testng.remote.AbstractRemoteTestNG.run(AbstractRemoteTestNG.java:132)
	at org.testng.remote.RemoteTestNG.initAndRun(RemoteTestNG.java:230)
	at org.testng.remote.RemoteTestNG.main(RemoteTestNG.java:76)
</stack-trace>
            </failure>
            <steps/>
            <attachments/>
            <labels>
                <label name="host" value="ravis-MacBook-Pro.local"/>
                <label name="thread" value="7029@ravis-MacBook-Pro.local.main(1)"/>
            </labels>
        </test-case>
        <test-case start="1516196398288" stop="1516196477528" status="failed">
            <name>Validating_feed2</name>
            <title>Validating feed_2 Ad call</title>
            <failure>
                <message>AssertionError: feed2 ad not present</message>
                <stack-trace>java.lang.AssertionError: feed2 ad not present
	at org.testng.Assert.fail(Assert.java:93)
	at twc.Automation.HandleWithAppium.AppiumFunctions.Check_feed2_ad(AppiumFunctions.java:384)
	at ANDROID_ARMS.ANDROID_ARMS.FeedAdVAlidationonUI.Validating_feed2(FeedAdVAlidationonUI.java:55)
	at sun.reflect.NativeMethodAccessorImpl.invoke0(Native Method)
	at sun.reflect.NativeMethodAccessorImpl.invoke(NativeMethodAccessorImpl.java:62)
	at sun.reflect.DelegatingMethodAccessorImpl.invoke(DelegatingMethodAccessorImpl.java:43)
	at java.lang.reflect.Method.invoke(Method.java:497)
	at org.testng.internal.MethodInvocationHelper.invokeMethod(MethodInvocationHelper.java:108)
	at org.testng.internal.Invoker.invokeMethod(Invoker.java:661)
	at org.testng.internal.Invoker.invokeTestMethod(Invoker.java:869)
	at org.testng.internal.Invoker.invokeTestMethods(Invoker.java:1193)
	at org.testng.internal.TestMethodWorker.invokeTestMethods(TestMethodWorker.java:126)
	at org.testng.internal.TestMethodWorker.run(TestMethodWorker.java:109)
	at org.testng.TestRunner.privateRun(TestRunner.java:744)
	at org.testng.TestRunner.run(TestRunner.java:602)
	at org.testng.SuiteRunner.runTest(SuiteRunner.java:380)
	at org.testng.SuiteRunner.runSequentially(SuiteRunner.java:375)
	at org.testng.SuiteRunner.privateRun(SuiteRunner.java:340)
	at org.testng.SuiteRunner.run(SuiteRunner.java:289)
	at org.testng.SuiteRunnerWorker.runSuite(SuiteRunnerWorker.java:52)
	at org.testng.SuiteRunnerWorker.run(SuiteRunnerWorker.java:86)
	at org.testng.TestNG.runSuitesSequentially(TestNG.java:1301)
	at org.testng.TestNG.runSuitesLocally(TestNG.java:1226)
	at org.testng.TestNG.runSuites(TestNG.java:1144)
	at org.testng.TestNG.run(TestNG.java:1115)
	at org.testng.remote.AbstractRemoteTestNG.run(AbstractRemoteTestNG.java:132)
	at org.testng.remote.RemoteTestNG.initAndRun(RemoteTestNG.java:230)
	at org.testng.remote.RemoteTestNG.main(RemoteTestNG.java:76)
</stack-trace>
            </failure>
            <steps/>
            <attachments/>
            <labels>
                <label name="host" value="ravis-MacBook-Pro.local"/>
                <label name="thread" value="7029@ravis-MacBook-Pro.local.main(1)"/>
            </labels>
        </test-case>
        <test-case start="1516196478055" stop="1516196551975" status="failed">
            <name>Validating_feed3</name>
            <title>Validating feed_3 Ad call</title>
            <failure>
                <message>AssertionError: feed3 ad not present</message>
                <stack-trace>java.lang.AssertionError: feed3 ad not present
	at org.testng.Assert.fail(Assert.java:93)
	at twc.Automation.HandleWithAppium.AppiumFunctions.Check_feed3_ad(AppiumFunctions.java:413)
	at ANDROID_ARMS.ANDROID_ARMS.FeedAdVAlidationonUI.Validating_feed3(FeedAdVAlidationonUI.java:67)
	at sun.reflect.NativeMethodAccessorImpl.invoke0(Native Method)
	at sun.reflect.NativeMethodAccessorImpl.invoke(NativeMethodAccessorImpl.java:62)
	at sun.reflect.DelegatingMethodAccessorImpl.invoke(DelegatingMethodAccessorImpl.java:43)
	at java.lang.reflect.Method.invoke(Method.java:497)
	at org.testng.internal.MethodInvocationHelper.invokeMethod(MethodInvocationHelper.java:108)
	at org.testng.internal.Invoker.invokeMethod(Invoker.java:661)
	at org.testng.internal.Invoker.invokeTestMethod(Invoker.java:869)
	at org.testng.internal.Invoker.invokeTestMethods(Invoker.java:1193)
	at org.testng.internal.TestMethodWorker.invokeTestMethods(TestMethodWorker.java:126)
	at org.testng.internal.TestMethodWorker.run(TestMethodWorker.java:109)
	at org.testng.TestRunner.privateRun(TestRunner.java:744)
	at org.testng.TestRunner.run(TestRunner.java:602)
	at org.testng.SuiteRunner.runTest(SuiteRunner.java:380)
	at org.testng.SuiteRunner.runSequentially(SuiteRunner.java:375)
	at org.testng.SuiteRunner.privateRun(SuiteRunner.java:340)
	at org.testng.SuiteRunner.run(SuiteRunner.java:289)
	at org.testng.SuiteRunnerWorker.runSuite(SuiteRunnerWorker.java:52)
	at org.testng.SuiteRunnerWorker.run(SuiteRunnerWorker.java:86)
	at org.testng.TestNG.runSuitesSequentially(TestNG.java:1301)
	at org.testng.TestNG.runSuitesLocally(TestNG.java:1226)
	at org.testng.TestNG.runSuites(TestNG.java:1144)
	at org.testng.TestNG.run(TestNG.java:1115)
	at org.testng.remote.AbstractRemoteTestNG.run(AbstractRemoteTestNG.java:132)
	at org.testng.remote.RemoteTestNG.initAndRun(RemoteTestNG.java:230)
	at org.testng.remote.RemoteTestNG.main(RemoteTestNG.java:76)
</stack-trace>
            </failure>
            <steps/>
            <attachments/>
            <labels>
                <label name="host" value="ravis-MacBook-Pro.local"/>
                <label name="thread" value="7029@ravis-MacBook-Pro.local.main(1)"/>
            </labels>
        </test-case>
        <test-case start="1516196551988" stop="1516196619561" status="failed">
            <name>Validating_feed4</name>
            <title>Validating feed_3 Ad call</title>
            <failure>
                <message>AssertionError: feed4 ad not present</message>
                <stack-trace>java.lang.AssertionError: feed4 ad not present
	at org.testng.Assert.fail(Assert.java:93)
	at twc.Automation.HandleWithAppium.AppiumFunctions.Check_feed4_ad(AppiumFunctions.java:438)
	at ANDROID_ARMS.ANDROID_ARMS.FeedAdVAlidationonUI.Validating_feed4(FeedAdVAlidationonUI.java:79)
	at sun.reflect.NativeMethodAccessorImpl.invoke0(Native Method)
	at sun.reflect.NativeMethodAccessorImpl.invoke(NativeMethodAccessorImpl.java:62)
	at sun.reflect.DelegatingMethodAccessorImpl.invoke(DelegatingMethodAccessorImpl.java:43)
	at java.lang.reflect.Method.invoke(Method.java:497)
	at org.testng.internal.MethodInvocationHelper.invokeMethod(MethodInvocationHelper.java:108)
	at org.testng.internal.Invoker.invokeMethod(Invoker.java:661)
	at org.testng.internal.Invoker.invokeTestMethod(Invoker.java:869)
	at org.testng.internal.Invoker.invokeTestMethods(Invoker.java:1193)
	at org.testng.internal.TestMethodWorker.invokeTestMethods(TestMethodWorker.java:126)
	at org.testng.internal.TestMethodWorker.run(TestMethodWorker.java:109)
	at org.testng.TestRunner.privateRun(TestRunner.java:744)
	at org.testng.TestRunner.run(TestRunner.java:602)
	at org.testng.SuiteRunner.runTest(SuiteRunner.java:380)
	at org.testng.SuiteRunner.runSequentially(SuiteRunner.java:375)
	at org.testng.SuiteRunner.privateRun(SuiteRunner.java:340)
	at org.testng.SuiteRunner.run(SuiteRunner.java:289)
	at org.testng.SuiteRunnerWorker.runSuite(SuiteRunnerWorker.java:52)
	at org.testng.SuiteRunnerWorker.run(SuiteRunnerWorker.java:86)
	at org.testng.TestNG.runSuitesSequentially(TestNG.java:1301)
	at org.testng.TestNG.runSuitesLocally(TestNG.java:1226)
	at org.testng.TestNG.runSuites(TestNG.java:1144)
	at org.testng.TestNG.run(TestNG.java:1115)
	at org.testng.remote.AbstractRemoteTestNG.run(AbstractRemoteTestNG.java:132)
	at org.testng.remote.RemoteTestNG.initAndRun(RemoteTestNG.java:230)
	at org.testng.remote.RemoteTestNG.main(RemoteTestNG.java:76)
</stack-trace>
            </failure>
            <steps/>
            <attachments/>
            <labels>
                <label name="host" value="ravis-MacBook-Pro.local"/>
                <label name="thread" value="7029@ravis-MacBook-Pro.local.main(1)"/>
            </labels>
        </test-case>
        <test-case start="1516196620056" stop="1516196694028" status="failed">
            <name>Validating_feed5</name>
            <title>Validating feed_5 Ad call</title>
            <failure>
                <message>AssertionError: feed5 ad not present</message>
                <stack-trace>java.lang.AssertionError: feed5 ad not present
	at org.testng.Assert.fail(Assert.java:93)
	at twc.Automation.HandleWithAppium.AppiumFunctions.Check_feed5_ad(AppiumFunctions.java:463)
	at ANDROID_ARMS.ANDROID_ARMS.FeedAdVAlidationonUI.Validating_feed5(FeedAdVAlidationonUI.java:91)
	at sun.reflect.NativeMethodAccessorImpl.invoke0(Native Method)
	at sun.reflect.NativeMethodAccessorImpl.invoke(NativeMethodAccessorImpl.java:62)
	at sun.reflect.DelegatingMethodAccessorImpl.invoke(DelegatingMethodAccessorImpl.java:43)
	at java.lang.reflect.Method.invoke(Method.java:497)
	at org.testng.internal.MethodInvocationHelper.invokeMethod(MethodInvocationHelper.java:108)
	at org.testng.internal.Invoker.invokeMethod(Invoker.java:661)
	at org.testng.internal.Invoker.invokeTestMethod(Invoker.java:869)
	at org.testng.internal.Invoker.invokeTestMethods(Invoker.java:1193)
	at org.testng.internal.TestMethodWorker.invokeTestMethods(TestMethodWorker.java:126)
	at org.testng.internal.TestMethodWorker.run(TestMethodWorker.java:109)
	at org.testng.TestRunner.privateRun(TestRunner.java:744)
	at org.testng.TestRunner.run(TestRunner.java:602)
	at org.testng.SuiteRunner.runTest(SuiteRunner.java:380)
	at org.testng.SuiteRunner.runSequentially(SuiteRunner.java:375)
	at org.testng.SuiteRunner.privateRun(SuiteRunner.java:340)
	at org.testng.SuiteRunner.run(SuiteRunner.java:289)
	at org.testng.SuiteRunnerWorker.runSuite(SuiteRunnerWorker.java:52)
	at org.testng.SuiteRunnerWorker.run(SuiteRunnerWorker.java:86)
	at org.testng.TestNG.runSuitesSequentially(TestNG.java:1301)
	at org.testng.TestNG.runSuitesLocally(TestNG.java:1226)
	at org.testng.TestNG.runSuites(TestNG.java:1144)
	at org.testng.TestNG.run(TestNG.java:1115)
	at org.testng.remote.AbstractRemoteTestNG.run(AbstractRemoteTestNG.java:132)
	at org.testng.remote.RemoteTestNG.initAndRun(RemoteTestNG.java:230)
	at org.testng.remote.RemoteTestNG.main(RemoteTestNG.java:76)
</stack-trace>
            </failure>
            <steps/>
            <attachments/>
            <labels>
                <label name="host" value="ravis-MacBook-Pro.local"/>
                <label name="thread" value="7029@ravis-MacBook-Pro.local.main(1)"/>
            </labels>
        </test-case>
        <test-case start="1516196694042" stop="1516197329247" status="passed">
            <name>Extended_hourly_page_Ad</name>
            <title>Validating Extended hourly page Ad</title>
            <steps/>
            <attachments/>
            <labels>
                <label name="host" value="ravis-MacBook-Pro.local"/>
                <label name="thread" value="7029@ravis-MacBook-Pro.local.main(1)"/>
            </labels>
        </test-case>
        <test-case start="1516197330182" stop="1516197760880" status="passed">
            <name>Extended_Daily_page_Ad</name>
            <title>Validating Extended Daily page Ad</title>
            <steps/>
            <attachments/>
            <labels>
                <label name="host" value="ravis-MacBook-Pro.local"/>
                <label name="thread" value="7029@ravis-MacBook-Pro.local.main(1)"/>
            </labels>
        </test-case>
        <test-case start="1516197761744" stop="1516198192198" status="passed">
            <name>Extended_Maps_Radar_page_Ad</name>
            <title>Validating Extended Maps&amp;Radar page Ad</title>
            <steps/>
            <attachments/>
            <labels>
                <label name="host" value="ravis-MacBook-Pro.local"/>
                <label name="thread" value="7029@ravis-MacBook-Pro.local.main(1)"/>
            </labels>
        </test-case>
        <test-case start="1516198192231" stop="1516198930243" status="passed">
            <name>Extended_Newss_page_Ad</name>
            <title>Validating Extended News page Ad</title>
            <steps/>
            <attachments/>
            <labels>
                <label name="host" value="ravis-MacBook-Pro.local"/>
                <label name="thread" value="7029@ravis-MacBook-Pro.local.main(1)"/>
            </labels>
        </test-case>
        <test-case start="1516198930602" stop="1516198990810" status="broken">
            <name>Extended_cold_flu_page_Ad</name>
            <title>Validating Extended cold &amp; flu page Ad</title>
            <failure>
                <message>TimeoutException: Timed out after 60 seconds waiting for presence of element located by: By.className: android.widget.ImageButton
Build info: version: '2.51.0', revision: '1af067dbcaedd7d2ab9af5151fc471d363d97193', time: '2016-02-05 11:20:57'
System info: host: 'ravis-MacBook-Pro.local', ip: '169.254.155.178', os.name: 'Mac OS X', os.arch: 'x86_64', os.version: '10.12', java.version: '1.8.0_60'
Driver info: io.appium.java_client.android.AndroidDriver
Capabilities [{app=/Users/monocept/Desktop/android-arms-master/APKFile/TWC_808000972_googleDebug.apk, appPackage=com.weather.Weather, networkConnectionEnabled=true, warnings={}, databaseEnabled=false, deviceName=ce051605b999df4004, fullReset=true, platform=LINUX, desired={app=/Users/monocept/Desktop/android-arms-master/APKFile/TWC_808000972_googleDebug.apk, appPackage=com.weather.Weather, appium-version=1.4.13, newCommandTimeout=100000, autoLaunch=true, platformVersion=6.0.1, platformName=Android, deviceName=Samsung S6, fullReset=true}, appium-version=1.4.13, newCommandTimeout=100000, autoLaunch=true, platformVersion=7.0, webStorageEnabled=false, locationContextEnabled=false, browserName=Android, takesScreenshot=true, javascriptEnabled=true, platformName=Android}]
Session ID: d2dfec25-d70e-4991-8b2a-0db50e02896a</message>
                <stack-trace>org.openqa.selenium.TimeoutException: Timed out after 60 seconds waiting for presence of element located by: By.className: android.widget.ImageButton
Build info: version: '2.51.0', revision: '1af067dbcaedd7d2ab9af5151fc471d363d97193', time: '2016-02-05 11:20:57'
System info: host: 'ravis-MacBook-Pro.local', ip: '169.254.155.178', os.name: 'Mac OS X', os.arch: 'x86_64', os.version: '10.12', java.version: '1.8.0_60'
Driver info: io.appium.java_client.android.AndroidDriver
Capabilities [{app=/Users/monocept/Desktop/android-arms-master/APKFile/TWC_808000972_googleDebug.apk, appPackage=com.weather.Weather, networkConnectionEnabled=true, warnings={}, databaseEnabled=false, deviceName=ce051605b999df4004, fullReset=true, platform=LINUX, desired={app=/Users/monocept/Desktop/android-arms-master/APKFile/TWC_808000972_googleDebug.apk, appPackage=com.weather.Weather, appium-version=1.4.13, newCommandTimeout=100000, autoLaunch=true, platformVersion=6.0.1, platformName=Android, deviceName=Samsung S6, fullReset=true}, appium-version=1.4.13, newCommandTimeout=100000, autoLaunch=true, platformVersion=7.0, webStorageEnabled=false, locationContextEnabled=false, browserName=Android, takesScreenshot=true, javascriptEnabled=true, platformName=Android}]
Session ID: d2dfec25-d70e-4991-8b2a-0db50e02896a
	at org.openqa.selenium.support.ui.WebDriverWait.timeoutException(WebDriverWait.java:80)
	at org.openqa.selenium.support.ui.FluentWait.until(FluentWait.java:261)
	at twc.Automation.HandleWithApp.AppFunctions.Change_to_Test_Mode(AppFunctions.java:1165)
	at ANDROID_ARMS.ANDROID_ARMS.FeedAdVAlidationonUI.Extended_cold_flu_page_Ad(FeedAdVAlidationonUI.java:150)
	at sun.reflect.NativeMethodAccessorImpl.invoke0(Native Method)
	at sun.reflect.NativeMethodAccessorImpl.invoke(NativeMethodAccessorImpl.java:62)
	at sun.reflect.DelegatingMethodAccessorImpl.invoke(DelegatingMethodAccessorImpl.java:43)
	at java.lang.reflect.Method.invoke(Method.java:497)
	at org.testng.internal.MethodInvocationHelper.invokeMethod(MethodInvocationHelper.java:108)
	at org.testng.internal.Invoker.invokeMethod(Invoker.java:661)
	at org.testng.internal.Invoker.invokeTestMethod(Invoker.java:869)
	at org.testng.internal.Invoker.invokeTestMethods(Invoker.java:1193)
	at org.testng.internal.TestMethodWorker.invokeTestMethods(TestMethodWorker.java:126)
	at org.testng.internal.TestMethodWorker.run(TestMethodWorker.java:109)
	at org.testng.TestRunner.privateRun(TestRunner.java:744)
	at org.testng.TestRunner.run(TestRunner.java:602)
	at org.testng.SuiteRunner.runTest(SuiteRunner.java:380)
	at org.testng.SuiteRunner.runSequentially(SuiteRunner.java:375)
	at org.testng.SuiteRunner.privateRun(SuiteRunner.java:340)
	at org.testng.SuiteRunner.run(SuiteRunner.java:289)
	at org.testng.SuiteRunnerWorker.runSuite(SuiteRunnerWorker.java:52)
	at org.testng.SuiteRunnerWorker.run(SuiteRunnerWorker.java:86)
	at org.testng.TestNG.runSuitesSequentially(TestNG.java:1301)
	at org.testng.TestNG.runSuitesLocally(TestNG.java:1226)
	at org.testng.TestNG.runSuites(TestNG.java:1144)
	at org.testng.TestNG.run(TestNG.java:1115)
	at org.testng.remote.AbstractRemoteTestNG.run(AbstractRemoteTestNG.java:132)
	at org.testng.remote.RemoteTestNG.initAndRun(RemoteTestNG.java:230)
	at org.testng.remote.RemoteTestNG.main(RemoteTestNG.java:76)
Caused by: org.openqa.selenium.NoSuchElementException: An element could not be located on the page using the given search parameters. (WARNING: The server did not provide any stacktrace information)
Command duration or timeout: 60.10 seconds
For documentation on this error, please visit: http://seleniumhq.org/exceptions/no_such_element.html
Build info: version: '2.51.0', revision: '1af067dbcaedd7d2ab9af5151fc471d363d97193', time: '2016-02-05 11:20:57'
System info: host: 'ravis-MacBook-Pro.local', ip: '169.254.155.178', os.name: 'Mac OS X', os.arch: 'x86_64', os.version: '10.12', java.version: '1.8.0_60'
Driver info: io.appium.java_client.android.AndroidDriver
Capabilities [{app=/Users/monocept/Desktop/android-arms-master/APKFile/TWC_808000972_googleDebug.apk, appPackage=com.weather.Weather, networkConnectionEnabled=true, warnings={}, databaseEnabled=false, deviceName=ce051605b999df4004, fullReset=true, platform=LINUX, desired={app=/Users/monocept/Desktop/android-arms-master/APKFile/TWC_808000972_googleDebug.apk, appPackage=com.weather.Weather, appium-version=1.4.13, newCommandTimeout=100000, autoLaunch=true, platformVersion=6.0.1, platformName=Android, deviceName=Samsung S6, fullReset=true}, appium-version=1.4.13, newCommandTimeout=100000, autoLaunch=true, platformVersion=7.0, webStorageEnabled=false, locationContextEnabled=false, browserName=Android, takesScreenshot=true, javascriptEnabled=true, platformName=Android}]
Session ID: d2dfec25-d70e-4991-8b2a-0db50e02896a
*** Element info: {Using=class name, value=android.widget.ImageButton}
	at sun.reflect.GeneratedConstructorAccessor57.newInstance(Unknown Source)
	at sun.reflect.DelegatingConstructorAccessorImpl.newInstance(DelegatingConstructorAccessorImpl.java:45)
	at java.lang.reflect.Constructor.newInstance(Constructor.java:422)
	at org.openqa.selenium.remote.ErrorHandler.createThrowable(ErrorHandler.java:206)
	at org.openqa.selenium.remote.ErrorHandler.throwIfResponseFailed(ErrorHandler.java:158)
	at org.openqa.selenium.remote.RemoteWebDriver.execute(RemoteWebDriver.java:678)
	at io.appium.java_client.DefaultGenericMobileDriver.execute(DefaultGenericMobileDriver.java:42)
	at io.appium.java_client.AppiumDriver.execute(AppiumDriver.java:1)
	at io.appium.java_client.android.AndroidDriver.execute(AndroidDriver.java:1)
	at org.openqa.selenium.remote.RemoteWebDriver.findElement(RemoteWebDriver.java:363)
	at org.openqa.selenium.remote.RemoteWebDriver.findElementByClassName(RemoteWebDriver.java:477)
	at io.appium.java_client.DefaultGenericMobileDriver.findElementByClassName(DefaultGenericMobileDriver.java:110)
	at io.appium.java_client.AppiumDriver.findElementByClassName(AppiumDriver.java:1)
	at io.appium.java_client.android.AndroidDriver.findElementByClassName(AndroidDriver.java:1)
	at org.openqa.selenium.By$ByClassName.findElement(By.java:391)
	at org.openqa.selenium.remote.RemoteWebDriver.findElement(RemoteWebDriver.java:355)
	at io.appium.java_client.DefaultGenericMobileDriver.findElement(DefaultGenericMobileDriver.java:52)
	at io.appium.java_client.AppiumDriver.findElement(AppiumDriver.java:1)
	at io.appium.java_client.android.AndroidDriver.findElement(AndroidDriver.java:1)
	at org.openqa.selenium.support.ui.ExpectedConditions.findElement(ExpectedConditions.java:911)
	at org.openqa.selenium.support.ui.ExpectedConditions.access$000(ExpectedConditions.java:41)
	at org.openqa.selenium.support.ui.ExpectedConditions$6.apply(ExpectedConditions.java:181)
	at org.openqa.selenium.support.ui.ExpectedConditions$6.apply(ExpectedConditions.java:178)
	at org.openqa.selenium.support.ui.FluentWait.until(FluentWait.java:238)
	... 27 more
</stack-trace>
            </failure>
            <steps/>
            <attachments/>
            <labels>
                <label name="host" value="ravis-MacBook-Pro.local"/>
                <label name="thread" value="7029@ravis-MacBook-Pro.local.main(1)"/>
            </labels>
        </test-case>
        <test-case start="1516198990815" stop="1516199051565" status="broken">
            <name>Extended_HealthModule_page_Ad</name>
            <title>Validating Extended allergy page Ad</title>
            <failure>
                <message>NoSuchElementException: An element could not be located on the page using the given search parameters. (WARNING: The server did not provide any stacktrace information)
Command duration or timeout: 60.04 seconds
For documentation on this error, please visit: http://seleniumhq.org/exceptions/no_such_element.html
Build info: version: '2.51.0', revision: '1af067dbcaedd7d2ab9af5151fc471d363d97193', time: '2016-02-05 11:20:57'
System info: host: 'ravis-MacBook-Pro.local', ip: '169.254.155.178', os.name: 'Mac OS X', os.arch: 'x86_64', os.version: '10.12', java.version: '1.8.0_60'
Driver info: io.appium.java_client.android.AndroidDriver
Capabilities [{app=/Users/monocept/Desktop/android-arms-master/APKFile/TWC_808000972_googleDebug.apk, appPackage=com.weather.Weather, networkConnectionEnabled=true, warnings={}, databaseEnabled=false, deviceName=ce051605b999df4004, fullReset=true, platform=LINUX, desired={app=/Users/monocept/Desktop/android-arms-master/APKFile/TWC_808000972_googleDebug.apk, appPackage=com.weather.Weather, appium-version=1.4.13, newCommandTimeout=100000, autoLaunch=true, platformVersion=6.0.1, platformName=Android, deviceName=Samsung S6, fullReset=true}, appium-version=1.4.13, newCommandTimeout=100000, autoLaunch=true, platformVersion=7.0, webStorageEnabled=false, locationContextEnabled=false, browserName=Android, takesScreenshot=true, javascriptEnabled=true, platformName=Android}]
Session ID: d2dfec25-d70e-4991-8b2a-0db50e02896a
*** Element info: {Using=name, value=Allergy}</message>
                <stack-trace>org.openqa.selenium.NoSuchElementException: An element could not be located on the page using the given search parameters. (WARNING: The server did not provide any stacktrace information)
Command duration or timeout: 60.04 seconds
For documentation on this error, please visit: http://seleniumhq.org/exceptions/no_such_element.html
Build info: version: '2.51.0', revision: '1af067dbcaedd7d2ab9af5151fc471d363d97193', time: '2016-02-05 11:20:57'
System info: host: 'ravis-MacBook-Pro.local', ip: '169.254.155.178', os.name: 'Mac OS X', os.arch: 'x86_64', os.version: '10.12', java.version: '1.8.0_60'
Driver info: io.appium.java_client.android.AndroidDriver
Capabilities [{app=/Users/monocept/Desktop/android-arms-master/APKFile/TWC_808000972_googleDebug.apk, appPackage=com.weather.Weather, networkConnectionEnabled=true, warnings={}, databaseEnabled=false, deviceName=ce051605b999df4004, fullReset=true, platform=LINUX, desired={app=/Users/monocept/Desktop/android-arms-master/APKFile/TWC_808000972_googleDebug.apk, appPackage=com.weather.Weather, appium-version=1.4.13, newCommandTimeout=100000, autoLaunch=true, platformVersion=6.0.1, platformName=Android, deviceName=Samsung S6, fullReset=true}, appium-version=1.4.13, newCommandTimeout=100000, autoLaunch=true, platformVersion=7.0, webStorageEnabled=false, locationContextEnabled=false, browserName=Android, takesScreenshot=true, javascriptEnabled=true, platformName=Android}]
Session ID: d2dfec25-d70e-4991-8b2a-0db50e02896a
*** Element info: {Using=name, value=Allergy}
	at sun.reflect.GeneratedConstructorAccessor57.newInstance(Unknown Source)
	at sun.reflect.DelegatingConstructorAccessorImpl.newInstance(DelegatingConstructorAccessorImpl.java:45)
	at java.lang.reflect.Constructor.newInstance(Constructor.java:422)
	at org.openqa.selenium.remote.ErrorHandler.createThrowable(ErrorHandler.java:206)
	at org.openqa.selenium.remote.ErrorHandler.throwIfResponseFailed(ErrorHandler.java:158)
	at org.openqa.selenium.remote.RemoteWebDriver.execute(RemoteWebDriver.java:678)
	at io.appium.java_client.DefaultGenericMobileDriver.execute(DefaultGenericMobileDriver.java:42)
	at io.appium.java_client.AppiumDriver.execute(AppiumDriver.java:1)
	at io.appium.java_client.android.AndroidDriver.execute(AndroidDriver.java:1)
	at org.openqa.selenium.remote.RemoteWebDriver.findElement(RemoteWebDriver.java:363)
	at org.openqa.selenium.remote.RemoteWebDriver.findElementByName(RemoteWebDriver.java:461)
	at io.appium.java_client.DefaultGenericMobileDriver.findElementByName(DefaultGenericMobileDriver.java:102)
	at io.appium.java_client.AppiumDriver.findElementByName(AppiumDriver.java:1)
	at io.appium.java_client.android.AndroidDriver.findElementByName(AndroidDriver.java:1)
	at twc.Automation.HandleWithAppium.AppiumFunctions.clickallergy(AppiumFunctions.java:967)
	at ANDROID_ARMS.ANDROID_ARMS.FeedAdVAlidationonUI.Extended_HealthModule_page_Ad(FeedAdVAlidationonUI.java:167)
	at sun.reflect.NativeMethodAccessorImpl.invoke0(Native Method)
	at sun.reflect.NativeMethodAccessorImpl.invoke(NativeMethodAccessorImpl.java:62)
	at sun.reflect.DelegatingMethodAccessorImpl.invoke(DelegatingMethodAccessorImpl.java:43)
	at java.lang.reflect.Method.invoke(Method.java:497)
	at org.testng.internal.MethodInvocationHelper.invokeMethod(MethodInvocationHelper.java:108)
	at org.testng.internal.Invoker.invokeMethod(Invoker.java:661)
	at org.testng.internal.Invoker.invokeTestMethod(Invoker.java:869)
	at org.testng.internal.Invoker.invokeTestMethods(Invoker.java:1193)
	at org.testng.internal.TestMethodWorker.invokeTestMethods(TestMethodWorker.java:126)
	at org.testng.internal.TestMethodWorker.run(TestMethodWorker.java:109)
	at org.testng.TestRunner.privateRun(TestRunner.java:744)
	at org.testng.TestRunner.run(TestRunner.java:602)
	at org.testng.SuiteRunner.runTest(SuiteRunner.java:380)
	at org.testng.SuiteRunner.runSequentially(SuiteRunner.java:375)
	at org.testng.SuiteRunner.privateRun(SuiteRunner.java:340)
	at org.testng.SuiteRunner.run(SuiteRunner.java:289)
	at org.testng.SuiteRunnerWorker.runSuite(SuiteRunnerWorker.java:52)
	at org.testng.SuiteRunnerWorker.run(SuiteRunnerWorker.java:86)
	at org.testng.TestNG.runSuitesSequentially(TestNG.java:1301)
	at org.testng.TestNG.runSuitesLocally(TestNG.java:1226)
	at org.testng.TestNG.runSuites(TestNG.java:1144)
	at org.testng.TestNG.run(TestNG.java:1115)
	at org.testng.remote.AbstractRemoteTestNG.run(AbstractRemoteTestNG.java:132)
	at org.testng.remote.RemoteTestNG.initAndRun(RemoteTestNG.java:230)
	at org.testng.remote.RemoteTestNG.main(RemoteTestNG.java:76)
</stack-trace>
            </failure>
            <steps/>
            <attachments/>
            <labels>
                <label name="host" value="ravis-MacBook-Pro.local"/>
                <label name="thread" value="7029@ravis-MacBook-Pro.local.main(1)"/>
            </labels>
        </test-case>
        <test-case start="1516199051573" stop="1516199172367" status="broken">
            <name>Extended_GoRunhModule_page_Ad</name>
            <title>Validating Extended GoRun page Ad</title>
            <failure>
                <message>NoSuchElementException: An element could not be located on the page using the given search parameters. (WARNING: The server did not provide any stacktrace information)
Command duration or timeout: 60.30 seconds
For documentation on this error, please visit: http://seleniumhq.org/exceptions/no_such_element.html
Build info: version: '2.51.0', revision: '1af067dbcaedd7d2ab9af5151fc471d363d97193', time: '2016-02-05 11:20:57'
System info: host: 'ravis-MacBook-Pro.local', ip: '169.254.155.178', os.name: 'Mac OS X', os.arch: 'x86_64', os.version: '10.12', java.version: '1.8.0_60'
Driver info: io.appium.java_client.android.AndroidDriver
Capabilities [{app=/Users/monocept/Desktop/android-arms-master/APKFile/TWC_808000972_googleDebug.apk, appPackage=com.weather.Weather, networkConnectionEnabled=true, warnings={}, databaseEnabled=false, deviceName=ce051605b999df4004, fullReset=true, platform=LINUX, desired={app=/Users/monocept/Desktop/android-arms-master/APKFile/TWC_808000972_googleDebug.apk, appPackage=com.weather.Weather, appium-version=1.4.13, newCommandTimeout=100000, autoLaunch=true, platformVersion=6.0.1, platformName=Android, deviceName=Samsung S6, fullReset=true}, appium-version=1.4.13, newCommandTimeout=100000, autoLaunch=true, platformVersion=7.0, webStorageEnabled=false, locationContextEnabled=false, browserName=Android, takesScreenshot=true, javascriptEnabled=true, platformName=Android}]
Session ID: d2dfec25-d70e-4991-8b2a-0db50e02896a
*** Element info: {Using=xpath, value=//android.widget.LinearLayout[1]/android.widget.FrameLayout[1]/android.widget.LinearLayout[1]/android.widget.FrameLayout[1]/android.support.v4.widget.DrawerLayout[1]/android.widget.RelativeLayout[1]/android.widget.FrameLayout[1]/android.view.ViewGroup[1]/android.widget.ListView[1]/android.widget.RelativeLayout[1]/android.widget.LinearLayout[1]/android.support.v7.widget.RecyclerView[1]/android.widget.LinearLayout[3]/android.widget.LinearLayout[1]/android.widget.LinearLayout[1]/android.widget.TextView[2]}</message>
                <stack-trace>org.openqa.selenium.NoSuchElementException: An element could not be located on the page using the given search parameters. (WARNING: The server did not provide any stacktrace information)
Command duration or timeout: 60.30 seconds
For documentation on this error, please visit: http://seleniumhq.org/exceptions/no_such_element.html
Build info: version: '2.51.0', revision: '1af067dbcaedd7d2ab9af5151fc471d363d97193', time: '2016-02-05 11:20:57'
System info: host: 'ravis-MacBook-Pro.local', ip: '169.254.155.178', os.name: 'Mac OS X', os.arch: 'x86_64', os.version: '10.12', java.version: '1.8.0_60'
Driver info: io.appium.java_client.android.AndroidDriver
Capabilities [{app=/Users/monocept/Desktop/android-arms-master/APKFile/TWC_808000972_googleDebug.apk, appPackage=com.weather.Weather, networkConnectionEnabled=true, warnings={}, databaseEnabled=false, deviceName=ce051605b999df4004, fullReset=true, platform=LINUX, desired={app=/Users/monocept/Desktop/android-arms-master/APKFile/TWC_808000972_googleDebug.apk, appPackage=com.weather.Weather, appium-version=1.4.13, newCommandTimeout=100000, autoLaunch=true, platformVersion=6.0.1, platformName=Android, deviceName=Samsung S6, fullReset=true}, appium-version=1.4.13, newCommandTimeout=100000, autoLaunch=true, platformVersion=7.0, webStorageEnabled=false, locationContextEnabled=false, browserName=Android, takesScreenshot=true, javascriptEnabled=true, platformName=Android}]
Session ID: d2dfec25-d70e-4991-8b2a-0db50e02896a
*** Element info: {Using=xpath, value=//android.widget.LinearLayout[1]/android.widget.FrameLayout[1]/android.widget.LinearLayout[1]/android.widget.FrameLayout[1]/android.support.v4.widget.DrawerLayout[1]/android.widget.RelativeLayout[1]/android.widget.FrameLayout[1]/android.view.ViewGroup[1]/android.widget.ListView[1]/android.widget.RelativeLayout[1]/android.widget.LinearLayout[1]/android.support.v7.widget.RecyclerView[1]/android.widget.LinearLayout[3]/android.widget.LinearLayout[1]/android.widget.LinearLayout[1]/android.widget.TextView[2]}
	at sun.reflect.GeneratedConstructorAccessor57.newInstance(Unknown Source)
	at sun.reflect.DelegatingConstructorAccessorImpl.newInstance(DelegatingConstructorAccessorImpl.java:45)
	at java.lang.reflect.Constructor.newInstance(Constructor.java:422)
	at org.openqa.selenium.remote.ErrorHandler.createThrowable(ErrorHandler.java:206)
	at org.openqa.selenium.remote.ErrorHandler.throwIfResponseFailed(ErrorHandler.java:158)
	at org.openqa.selenium.remote.RemoteWebDriver.execute(RemoteWebDriver.java:678)
	at io.appium.java_client.DefaultGenericMobileDriver.execute(DefaultGenericMobileDriver.java:42)
	at io.appium.java_client.AppiumDriver.execute(AppiumDriver.java:1)
	at io.appium.java_client.android.AndroidDriver.execute(AndroidDriver.java:1)
	at org.openqa.selenium.remote.RemoteWebDriver.findElement(RemoteWebDriver.java:363)
	at org.openqa.selenium.remote.RemoteWebDriver.findElementByXPath(RemoteWebDriver.java:500)
	at io.appium.java_client.DefaultGenericMobileDriver.findElementByXPath(DefaultGenericMobileDriver.java:132)
	at io.appium.java_client.AppiumDriver.findElementByXPath(AppiumDriver.java:1)
	at io.appium.java_client.android.AndroidDriver.findElementByXPath(AndroidDriver.java:1)
	at twc.Automation.HandleWithAppium.AppiumFunctions.clickGoRun(AppiumFunctions.java:977)
	at ANDROID_ARMS.ANDROID_ARMS.FeedAdVAlidationonUI.Extended_GoRunhModule_page_Ad(FeedAdVAlidationonUI.java:182)
	at sun.reflect.NativeMethodAccessorImpl.invoke0(Native Method)
	at sun.reflect.NativeMethodAccessorImpl.invoke(NativeMethodAccessorImpl.java:62)
	at sun.reflect.DelegatingMethodAccessorImpl.invoke(DelegatingMethodAccessorImpl.java:43)
	at java.lang.reflect.Method.invoke(Method.java:497)
	at org.testng.internal.MethodInvocationHelper.invokeMethod(MethodInvocationHelper.java:108)
	at org.testng.internal.Invoker.invokeMethod(Invoker.java:661)
	at org.testng.internal.Invoker.invokeTestMethod(Invoker.java:869)
	at org.testng.internal.Invoker.invokeTestMethods(Invoker.java:1193)
	at org.testng.internal.TestMethodWorker.invokeTestMethods(TestMethodWorker.java:126)
	at org.testng.internal.TestMethodWorker.run(TestMethodWorker.java:109)
	at org.testng.TestRunner.privateRun(TestRunner.java:744)
	at org.testng.TestRunner.run(TestRunner.java:602)
	at org.testng.SuiteRunner.runTest(SuiteRunner.java:380)
	at org.testng.SuiteRunner.runSequentially(SuiteRunner.java:375)
	at org.testng.SuiteRunner.privateRun(SuiteRunner.java:340)
	at org.testng.SuiteRunner.run(SuiteRunner.java:289)
	at org.testng.SuiteRunnerWorker.runSuite(SuiteRunnerWorker.java:52)
	at org.testng.SuiteRunnerWorker.run(SuiteRunnerWorker.java:86)
	at org.testng.TestNG.runSuitesSequentially(TestNG.java:1301)
	at org.testng.TestNG.runSuitesLocally(TestNG.java:1226)
	at org.testng.TestNG.runSuites(TestNG.java:1144)
	at org.testng.TestNG.run(TestNG.java:1115)
	at org.testng.remote.AbstractRemoteTestNG.run(AbstractRemoteTestNG.java:132)
	at org.testng.remote.RemoteTestNG.initAndRun(RemoteTestNG.java:230)
	at org.testng.remote.RemoteTestNG.main(RemoteTestNG.java:76)
</stack-trace>
            </failure>
            <steps/>
            <attachments/>
            <labels>
                <label name="host" value="ravis-MacBook-Pro.local"/>
                <label name="thread" value="7029@ravis-MacBook-Pro.local.main(1)"/>
            </labels>
        </test-case>
    </test-cases>
    <labels>
        <label name="framework" value="TestNG"/>
        <label name="language" value="JAVA"/>
    </labels>
</ns2:test-suite>
